<?xml version="1.0" encoding="UTF-8"?>
<!-- Generated by org.testng.reporters.JUnitXMLReporter -->
<testsuite ignored="0" hostname="DESKTOP-VTBT3RG" failures="0" tests="4" name="Test" time="0.077" errors="0" timestamp="2024-03-17T17:00:35 IST">
  <testcase classname="TestNgBasics.SecondTestNG" name="Testcase4" time="0.009"/>
  <testcase classname="TestNgBasics.FirstTestNg" name="Testcase2" time="0.002"/>
  <testcase classname="TestNgBasics.FirstTestNg" name="Testcase3" time="0.002"/>
  <testcase classname="TestNgBasics.FirstTestNg" name="Testcase1" time="0.005"/>
</testsuite> <!-- Test -->
