<?xml version="1.0" encoding="UTF-8"?>
<testng-results ignored="0" total="4" passed="4" failed="0" skipped="0">
  <reporter-output>
  </reporter-output>
  <suite started-at="2024-03-17T17:00:35 IST" name="Suite" finished-at="2024-03-17T17:00:35 IST" duration-ms="77">
    <groups>
    </groups>
    <test started-at="2024-03-17T17:00:35 IST" name="Test" finished-at="2024-03-17T17:00:35 IST" duration-ms="77">
      <class name="TestNgBasics.SecondTestNG">
        <test-method is-config="true" signature="BeforeSuite()[pri:0, instance:TestNgBasics.SecondTestNG@618b19ad]" started-at="2024-03-17T17:00:35 IST" name="BeforeSuite" finished-at="2024-03-17T17:00:35 IST" duration-ms="11" status="PASS">
          <reporter-output>
          </reporter-output>
        </test-method> <!-- BeforeSuite -->
        <test-method signature="Testcase4()[pri:0, instance:TestNgBasics.SecondTestNG@618b19ad]" started-at="2024-03-17T17:00:35 IST" name="Testcase4" finished-at="2024-03-17T17:00:35 IST" duration-ms="9" status="PASS">
          <reporter-output>
          </reporter-output>
        </test-method> <!-- Testcase4 -->
        <test-method is-config="true" signature="AfterSuite()[pri:0, instance:TestNgBasics.SecondTestNG@618b19ad]" started-at="2024-03-17T17:00:35 IST" name="AfterSuite" finished-at="2024-03-17T17:00:35 IST" duration-ms="0" status="PASS">
          <reporter-output>
          </reporter-output>
        </test-method> <!-- AfterSuite -->
      </class> <!-- TestNgBasics.SecondTestNG -->
      <class name="TestNgBasics.FirstTestNg">
        <test-method is-config="true" signature="BeforeTest()[pri:0, instance:TestNgBasics.FirstTestNg@36fc695d]" started-at="2024-03-17T17:00:35 IST" name="BeforeTest" finished-at="2024-03-17T17:00:35 IST" duration-ms="0" status="PASS">
          <reporter-output>
          </reporter-output>
        </test-method> <!-- BeforeTest -->
        <test-method is-config="true" signature="BeforeClass()[pri:0, instance:TestNgBasics.FirstTestNg@36fc695d]" started-at="2024-03-17T17:00:35 IST" name="BeforeClass" finished-at="2024-03-17T17:00:35 IST" duration-ms="1" status="PASS">
          <reporter-output>
          </reporter-output>
        </test-method> <!-- BeforeClass -->
        <test-method is-config="true" signature="beforeMethod()[pri:0, instance:TestNgBasics.FirstTestNg@36fc695d]" started-at="2024-03-17T17:00:35 IST" name="beforeMethod" finished-at="2024-03-17T17:00:35 IST" duration-ms="1" status="PASS">
          <reporter-output>
          </reporter-output>
        </test-method> <!-- beforeMethod -->
        <test-method signature="Testcase2()[pri:0, instance:TestNgBasics.FirstTestNg@36fc695d]" started-at="2024-03-17T17:00:35 IST" name="Testcase2" finished-at="2024-03-17T17:00:35 IST" duration-ms="2" status="PASS">
          <reporter-output>
          </reporter-output>
        </test-method> <!-- Testcase2 -->
        <test-method is-config="true" signature="afterMethod()[pri:0, instance:TestNgBasics.FirstTestNg@36fc695d]" started-at="2024-03-17T17:00:35 IST" name="afterMethod" finished-at="2024-03-17T17:00:35 IST" duration-ms="1" status="PASS">
          <reporter-output>
          </reporter-output>
        </test-method> <!-- afterMethod -->
        <test-method signature="Testcase3()[pri:1, instance:TestNgBasics.FirstTestNg@36fc695d]" started-at="2024-03-17T17:00:35 IST" name="Testcase3" finished-at="2024-03-17T17:00:35 IST" duration-ms="2" status="PASS">
          <reporter-output>
          </reporter-output>
        </test-method> <!-- Testcase3 -->
        <test-method is-config="true" signature="beforeMethod()[pri:0, instance:TestNgBasics.FirstTestNg@36fc695d]" started-at="2024-03-17T17:00:35 IST" name="beforeMethod" finished-at="2024-03-17T17:00:35 IST" duration-ms="0" status="PASS">
          <reporter-output>
          </reporter-output>
        </test-method> <!-- beforeMethod -->
        <test-method is-config="true" signature="afterMethod()[pri:0, instance:TestNgBasics.FirstTestNg@36fc695d]" started-at="2024-03-17T17:00:35 IST" name="afterMethod" finished-at="2024-03-17T17:00:35 IST" duration-ms="1" status="PASS">
          <reporter-output>
          </reporter-output>
        </test-method> <!-- afterMethod -->
        <test-method signature="Testcase1()[pri:2, instance:TestNgBasics.FirstTestNg@36fc695d]" started-at="2024-03-17T17:00:35 IST" name="Testcase1" finished-at="2024-03-17T17:00:35 IST" duration-ms="5" status="PASS">
          <reporter-output>
          </reporter-output>
        </test-method> <!-- Testcase1 -->
        <test-method is-config="true" signature="beforeMethod()[pri:0, instance:TestNgBasics.FirstTestNg@36fc695d]" started-at="2024-03-17T17:00:35 IST" name="beforeMethod" finished-at="2024-03-17T17:00:35 IST" duration-ms="0" status="PASS">
          <reporter-output>
          </reporter-output>
        </test-method> <!-- beforeMethod -->
        <test-method is-config="true" signature="afterMethod()[pri:0, instance:TestNgBasics.FirstTestNg@36fc695d]" started-at="2024-03-17T17:00:35 IST" name="afterMethod" finished-at="2024-03-17T17:00:35 IST" duration-ms="1" status="PASS">
          <reporter-output>
          </reporter-output>
        </test-method> <!-- afterMethod -->
        <test-method is-config="true" signature="AfterClass()[pri:0, instance:TestNgBasics.FirstTestNg@36fc695d]" started-at="2024-03-17T17:00:35 IST" name="AfterClass" finished-at="2024-03-17T17:00:35 IST" duration-ms="1" status="PASS">
          <reporter-output>
          </reporter-output>
        </test-method> <!-- AfterClass -->
        <test-method is-config="true" signature="AfterTest()[pri:0, instance:TestNgBasics.FirstTestNg@36fc695d]" started-at="2024-03-17T17:00:35 IST" name="AfterTest" finished-at="2024-03-17T17:00:35 IST" duration-ms="1" status="PASS">
          <reporter-output>
          </reporter-output>
        </test-method> <!-- AfterTest -->
      </class> <!-- TestNgBasics.FirstTestNg -->
    </test> <!-- Test -->
  </suite> <!-- Suite -->
</testng-results>
